[ 2016-05-11T09:03:38+08:00 ] 121.42.0.33 /school/Admin/Login/login.html
INFO: [ app_init ] --START--
INFO: Run Behavior\BuildLiteBehavior [ RunTime:0.000016s ]
INFO: [ app_init ] --END-- [ RunTime:0.000305s ]
INFO: [ app_begin ] --START--
INFO: Run Behavior\ReadHtmlCacheBehavior [ RunTime:0.000482s ]
INFO: [ app_begin ] --END-- [ RunTime:0.000548s ]
SQL: SHOW COLUMNS FROM `tp_admin` [ RunTime:0.0009s ]
NOTIC: [8] Undefined index: auth /wechat/school/School/Admin/Model/AdminModel.class.php 第 48 行.
NOTIC: [8] Undefined offset: 1 /wechat/school/School/Admin/Model/AdminModel.class.php 第 48 行.
INFO: [ view_parse ] --START--
INFO: [ template_filter ] --START--
INFO: Run Behavior\ContentReplaceBehavior [ RunTime:0.000047s ]
INFO: [ template_filter ] --END-- [ RunTime:0.000100s ]
NOTIC: [8] Undefined variable: error /wechat/school/School/Runtime/Cache/Admin/db0ae6b4ebbfd436af5d3b889ddb424c.php 第 27 行.
INFO: Run Behavior\ParseTemplateBehavior [ RunTime:0.005075s ]
INFO: [ view_parse ] --END-- [ RunTime:0.005119s ]
INFO: [ view_filter ] --START--
INFO: Run Behavior\WriteHtmlCacheBehavior [ RunTime:0.000122s ]
INFO: [ view_filter ] --END-- [ RunTime:0.000166s ]
INFO: [ app_end ] --START--
INFO: Run Behavior\ShowPageTraceBehavior [ RunTime:0.000427s ]
INFO: [ app_end ] --END-- [ RunTime:0.000468s ]

