[ 2016-04-20T17:38:54+08:00 ] 113.105.128.253 /school/Admin
INFO: [ app_init ] --START--
INFO: Run Behavior\BuildLiteBehavior [ RunTime:0.000015s ]
INFO: [ app_init ] --END-- [ RunTime:0.000293s ]
INFO: [ app_begin ] --START--
INFO: Run Behavior\ReadHtmlCacheBehavior [ RunTime:0.000425s ]
INFO: [ app_begin ] --END-- [ RunTime:0.000472s ]

[ 2016-04-20T17:38:54+08:00 ] 113.105.128.253 /school/Admin/Login/login.html
INFO: [ app_init ] --START--
INFO: Run Behavior\BuildLiteBehavior [ RunTime:0.000017s ]
INFO: [ app_init ] --END-- [ RunTime:0.000430s ]
INFO: [ app_begin ] --START--
INFO: Run Behavior\ReadHtmlCacheBehavior [ RunTime:0.000421s ]
INFO: [ app_begin ] --END-- [ RunTime:0.000469s ]
SQL: SHOW COLUMNS FROM `tp_admin` [ RunTime:0.0009s ]
NOTIC: [8] Undefined index: auth /wechat/school/School/Admin/Model/AdminModel.class.php 第 36 行.
NOTIC: [8] Undefined offset: 1 /wechat/school/School/Admin/Model/AdminModel.class.php 第 36 行.
INFO: [ view_parse ] --START--
INFO: [ template_filter ] --START--
INFO: Run Behavior\ContentReplaceBehavior [ RunTime:0.000044s ]
INFO: [ template_filter ] --END-- [ RunTime:0.000095s ]
NOTIC: [8] Undefined variable: error /wechat/school/School/Runtime/Cache/Admin/db0ae6b4ebbfd436af5d3b889ddb424c.php 第 27 行.
INFO: Run Behavior\ParseTemplateBehavior [ RunTime:0.005155s ]
INFO: [ view_parse ] --END-- [ RunTime:0.005196s ]
INFO: [ view_filter ] --START--
INFO: Run Behavior\WriteHtmlCacheBehavior [ RunTime:0.000123s ]
INFO: [ view_filter ] --END-- [ RunTime:0.000172s ]
INFO: [ app_end ] --START--
INFO: Run Behavior\ShowPageTraceBehavior [ RunTime:0.000412s ]
INFO: [ app_end ] --END-- [ RunTime:0.000460s ]

[ 2016-04-20T17:39:04+08:00 ] 113.105.128.253 /school/Admin/Login/login
INFO: [ app_init ] --START--
INFO: Run Behavior\BuildLiteBehavior [ RunTime:0.000023s ]
INFO: [ app_init ] --END-- [ RunTime:0.000527s ]
INFO: [ app_begin ] --START--
INFO: Run Behavior\ReadHtmlCacheBehavior [ RunTime:0.000575s ]
INFO: [ app_begin ] --END-- [ RunTime:0.000780s ]
SQL: SHOW COLUMNS FROM `tp_admin` [ RunTime:0.0009s ]
NOTIC: [8] Undefined index: auth /wechat/school/School/Admin/Model/AdminModel.class.php 第 36 行.
NOTIC: [8] Undefined offset: 1 /wechat/school/School/Admin/Model/AdminModel.class.php 第 36 行.
NOTIC: [8] Undefined index: auth /wechat/school/School/Admin/Model/AdminModel.class.php 第 36 行.
NOTIC: [8] Undefined offset: 1 /wechat/school/School/Admin/Model/AdminModel.class.php 第 36 行.
NOTIC: [8] Undefined index: validate /wechat/school/ThinkPHP/Library/Think/Model.class.php 第 1185 行.
NOTIC: [8] Undefined index: auto /wechat/school/ThinkPHP/Library/Think/Model.class.php 第 1128 行.
SQL: SELECT * FROM `tp_admin` WHERE `name` = 'manager1' AND `pwd` = '10470c3b4b1fed12c3baac014be15fac67c6e815' LIMIT 1   [ RunTime:0.0003s ]

